<?xml version="1.0" encoding="UTF-8"?>
<testng-results ignored="0" total="3" passed="3" failed="0" skipped="0">
  <reporter-output>
  </reporter-output>
  <suite started-at="2024-09-25T13:37:20 IST" name="softwaretesting" finished-at="2024-09-25T13:38:16 IST" duration-ms="56290">
    <groups>
    </groups>
    <test started-at="2024-09-25T13:37:20 IST" name="ChromeTest" finished-at="2024-09-25T13:38:16 IST" duration-ms="56290">
      <class name="com.automationexcerise.testautomation.TestAddtoCart">
        <test-method signature="testPage()[pri:2, instance:com.automationexcerise.testautomation.TestAddtoCart@7f010382]" started-at="2024-09-25T13:37:32 IST" name="testPage" finished-at="2024-09-25T13:37:43 IST" duration-ms="11355" status="PASS">
          <reporter-output>
          </reporter-output>
        </test-method> <!-- testPage -->
      </class> <!-- com.automationexcerise.testautomation.TestAddtoCart -->
      <class name="com.automationexcerise.testautomation.TestLoginPage">
        <test-method is-config="true" signature="setupDriver(java.lang.String,java.lang.String)[pri:0, instance:com.automationexcerise.testautomation.TestLoginPage@7ee955a8]" started-at="2024-09-25T13:37:11 IST" name="setupDriver" finished-at="2024-09-25T13:37:20 IST" duration-ms="9375" status="PASS">
          <params>
            <param index="0">
              <value>
                <![CDATA[chrome]]>
              </value>
            </param>
            <param index="1">
              <value>
                <![CDATA[https://automationexercise.com/]]>
              </value>
            </param>
          </params>
          <reporter-output>
          </reporter-output>
        </test-method> <!-- setupDriver -->
        <test-method signature="testPage(java.lang.String,java.lang.String)[pri:1, instance:com.automationexcerise.testautomation.TestLoginPage@7ee955a8]" started-at="2024-09-25T13:37:20 IST" name="testPage" finished-at="2024-09-25T13:37:32 IST" duration-ms="11932" status="PASS">
          <params>
            <param index="0">
              <value>
                <![CDATA[johnpax2@gmail.com]]>
              </value>
            </param>
            <param index="1">
              <value>
                <![CDATA[johnpax@123456]]>
              </value>
            </param>
          </params>
          <reporter-output>
          </reporter-output>
        </test-method> <!-- testPage -->
        <test-method is-config="true" signature="closeDriver()[pri:0, instance:com.automationexcerise.testautomation.TestLoginPage@7ee955a8]" started-at="2024-09-25T13:38:16 IST" name="closeDriver" finished-at="2024-09-25T13:38:18 IST" duration-ms="2180" status="PASS">
          <reporter-output>
          </reporter-output>
        </test-method> <!-- closeDriver -->
      </class> <!-- com.automationexcerise.testautomation.TestLoginPage -->
      <class name="com.automationexcerise.testautomation.TestPlaceOrder">
        <test-method signature="testPage(java.lang.String,java.lang.String,java.lang.String,java.lang.String,java.lang.String)[pri:3, instance:com.automationexcerise.testautomation.TestPlaceOrder@1e802ef9]" started-at="2024-09-25T13:37:43 IST" name="testPage" finished-at="2024-09-25T13:38:16 IST" duration-ms="32972" status="PASS">
          <params>
            <param index="0">
              <value>
                <![CDATA[John Pax]]>
              </value>
            </param>
            <param index="1">
              <value>
                <![CDATA[CXAERD12A]]>
              </value>
            </param>
            <param index="2">
              <value>
                <![CDATA[231]]>
              </value>
            </param>
            <param index="3">
              <value>
                <![CDATA[09]]>
              </value>
            </param>
            <param index="4">
              <value>
                <![CDATA[2030]]>
              </value>
            </param>
          </params>
          <reporter-output>
          </reporter-output>
        </test-method> <!-- testPage -->
      </class> <!-- com.automationexcerise.testautomation.TestPlaceOrder -->
    </test> <!-- ChromeTest -->
  </suite> <!-- softwaretesting -->
</testng-results>
