<?xml version="1.0" encoding="UTF-8"?>
<!-- Generated by org.testng.reporters.JUnitXMLReporter -->
<testsuite ignored="4" hostname="lappy" failures="0" tests="3" name="ChromeTest" time="50.623" errors="0" timestamp="2024-09-25T13:36:00 IST">
  <testcase classname="com.automationexcerise.testautomation.TestLoginPage" name="testPage" time="10.118"/>
  <testcase classname="com.automationexcerise.testautomation.TestAddtoCart" name="testPage" time="10.327"/>
  <testcase classname="com.automationexcerise.testautomation.TestPlaceOrder" name="testPage" time="30.14"/>
  <testcase classname="com.automationexcerise.testautomation.Setup" name="@AfterSuite closeDriver" time="0.0">
    <ignored/>
  </testcase> <!-- @AfterSuite closeDriver -->
  <testcase classname="com.automationexcerise.testautomation.Setup" name="@AfterSuite closeDriver" time="0.0">
    <ignored/>
  </testcase> <!-- @AfterSuite closeDriver -->
  <testcase classname="com.automationexcerise.testautomation.Setup" name="@BeforeSuite setupDriver" time="0.0">
    <ignored/>
  </testcase> <!-- @BeforeSuite setupDriver -->
  <testcase classname="com.automationexcerise.testautomation.Setup" name="@BeforeSuite setupDriver" time="0.0">
    <ignored/>
  </testcase> <!-- @BeforeSuite setupDriver -->
</testsuite> <!-- ChromeTest -->
