<?xml version="1.0" encoding="UTF-8"?>
<!-- Generated by org.testng.reporters.JUnitXMLReporter -->
<testsuite ignored="4" hostname="lappy" failures="0" tests="3" name="ChromeTest" time="56.29" errors="0" timestamp="2024-09-25T13:38:16 IST">
  <testcase classname="com.automationexcerise.testautomation.TestLoginPage" name="testPage" time="11.932"/>
  <testcase classname="com.automationexcerise.testautomation.TestAddtoCart" name="testPage" time="11.355"/>
  <testcase classname="com.automationexcerise.testautomation.TestPlaceOrder" name="testPage" time="32.972"/>
  <testcase classname="com.automationexcerise.testautomation.Setup" name="@AfterSuite closeDriver" time="0.0">
    <ignored/>
  </testcase> <!-- @AfterSuite closeDriver -->
  <testcase classname="com.automationexcerise.testautomation.Setup" name="@BeforeSuite setupDriver" time="0.0">
    <ignored/>
  </testcase> <!-- @BeforeSuite setupDriver -->
  <testcase classname="com.automationexcerise.testautomation.Setup" name="@AfterSuite closeDriver" time="0.0">
    <ignored/>
  </testcase> <!-- @AfterSuite closeDriver -->
  <testcase classname="com.automationexcerise.testautomation.Setup" name="@BeforeSuite setupDriver" time="0.0">
    <ignored/>
  </testcase> <!-- @BeforeSuite setupDriver -->
</testsuite> <!-- ChromeTest -->
